<?xml version="1.0" encoding="UTF-8"?>
<!-- Generated by org.testng.reporters.JUnitXMLReporter -->
<testsuite ignored="0" hostname="DESKTOP-13PFGR3" failures="0" tests="6" name="Command line test" time="0.143" errors="0" timestamp="2021-03-11T13:22:21 IST">
  <testcase classname="qaclickacademy.AppiumTest" name="Apple" time="0.018"/>
  <testcase classname="qaclickacademy.AppiumTest" name="android" time="0.001"/>
  <testcase classname="qaclickacademy.RESTAPITest" name="api" time="0.002"/>
  <testcase classname="qaclickacademy.RESTAPITest" name="rest" time="0.001"/>
  <testcase classname="qaclickacademy.SeleniumTest" name="Manual" time="0.0"/>
  <testcase classname="qaclickacademy.SeleniumTest" name="autmaion" time="0.001"/>
</testsuite> <!-- Command line test -->
