<?xml version="1.0" encoding="UTF-8"?>
<!-- Generated by org.testng.reporters.JUnitXMLReporter -->
<testsuite ignored="0" hostname="DESKTOP-13PFGR3" failures="0" tests="4" name="Test" time="0.145" errors="0" timestamp="2021-03-07T12:48:39 IST">
  <testcase classname="qaclickacademy.AppiumTest" name="Apple" time="0.01"/>
  <testcase classname="qaclickacademy.AppiumTest" name="android" time="0.0"/>
  <testcase classname="qaclickacademy.SeleniumTest" name="Manual" time="0.001"/>
  <testcase classname="qaclickacademy.SeleniumTest" name="autmaion" time="0.0"/>
</testsuite> <!-- Test -->
