<?xml version="1.0" encoding="UTF-8"?>
<testng-results ignored="0" total="6" passed="6" failed="0" skipped="0">
  <reporter-output>
  </reporter-output>
  <suite started-at="2021-03-11T13:22:21 IST" name="Command line suite" finished-at="2021-03-11T13:22:21 IST" duration-ms="143">
    <groups>
    </groups>
    <test started-at="2021-03-11T13:22:21 IST" name="Command line test" finished-at="2021-03-11T13:22:21 IST" duration-ms="143">
      <class name="qaclickacademy.AppiumTest">
        <test-method signature="Apple()[pri:0, instance:qaclickacademy.AppiumTest@4562e04d]" started-at="2021-03-11T13:22:21 IST" name="Apple" finished-at="2021-03-11T13:22:21 IST" duration-ms="18" status="PASS">
          <reporter-output>
          </reporter-output>
        </test-method> <!-- Apple -->
        <test-method signature="android()[pri:0, instance:qaclickacademy.AppiumTest@4562e04d]" started-at="2021-03-11T13:22:21 IST" name="android" finished-at="2021-03-11T13:22:21 IST" duration-ms="1" status="PASS">
          <reporter-output>
          </reporter-output>
        </test-method> <!-- android -->
      </class> <!-- qaclickacademy.AppiumTest -->
      <class name="qaclickacademy.RESTAPITest">
        <test-method signature="api()[pri:0, instance:qaclickacademy.RESTAPITest@77888435]" started-at="2021-03-11T13:22:21 IST" name="api" finished-at="2021-03-11T13:22:21 IST" duration-ms="2" status="PASS">
          <reporter-output>
          </reporter-output>
        </test-method> <!-- api -->
        <test-method signature="rest()[pri:0, instance:qaclickacademy.RESTAPITest@77888435]" started-at="2021-03-11T13:22:21 IST" name="rest" finished-at="2021-03-11T13:22:21 IST" duration-ms="1" status="PASS">
          <reporter-output>
          </reporter-output>
        </test-method> <!-- rest -->
      </class> <!-- qaclickacademy.RESTAPITest -->
      <class name="qaclickacademy.SeleniumTest">
        <test-method signature="Manual()[pri:0, instance:qaclickacademy.SeleniumTest@73a1e9a9]" started-at="2021-03-11T13:22:21 IST" name="Manual" finished-at="2021-03-11T13:22:21 IST" duration-ms="0" status="PASS">
          <reporter-output>
          </reporter-output>
        </test-method> <!-- Manual -->
        <test-method signature="autmaion()[pri:0, instance:qaclickacademy.SeleniumTest@73a1e9a9]" started-at="2021-03-11T13:22:21 IST" name="autmaion" finished-at="2021-03-11T13:22:21 IST" duration-ms="1" status="PASS">
          <reporter-output>
          </reporter-output>
        </test-method> <!-- autmaion -->
      </class> <!-- qaclickacademy.SeleniumTest -->
    </test> <!-- Command line test -->
  </suite> <!-- Command line suite -->
</testng-results>
